<?xml version="1.0" encoding="UTF-8"?>
<!-- Generated by org.testng.reporters.JUnitReportReporter -->
<testsuite hostname="LogicPower2" name="tests.uaua.TestDetskoePitanie" tests="19" failures="0" timestamp="19 Jun 2015 13:29:53 GMT" time="382.630" errors="0">
  <testcase name="testDetP011" time="12.069" classname="tests.uaua.TestDetskoePitanie"/>
  <testcase name="testDetP081" time="19.741" classname="tests.uaua.TestDetskoePitanie"/>
  <testcase name="testDetP10" time="9.209" classname="tests.uaua.TestDetskoePitanie"/>
  <testcase name="testDetP032" time="27.116" classname="tests.uaua.TestDetskoePitanie"/>
  <testcase name="testDetP061" time="13.992" classname="tests.uaua.TestDetskoePitanie"/>
  <testcase name="testDetP012" time="11.241" classname="tests.uaua.TestDetskoePitanie"/>
  <testcase name="testDetP09" time="31.935" classname="tests.uaua.TestDetskoePitanie"/>
  <testcase name="testDetP052" time="28.842" classname="tests.uaua.TestDetskoePitanie"/>
  <testcase name="testDetP041" time="13.677" classname="tests.uaua.TestDetskoePitanie"/>
  <testcase name="testDetP071" time="13.836" classname="tests.uaua.TestDetskoePitanie"/>
  <testcase name="testDetP042" time="23.681" classname="tests.uaua.TestDetskoePitanie"/>
  <testcase name="testDetP03" time="15.661" classname="tests.uaua.TestDetskoePitanie"/>
  <testcase name="testDetP022" time="33.670" classname="tests.uaua.TestDetskoePitanie"/>
  <testcase name="testDetP082" time="37.702" classname="tests.uaua.TestDetskoePitanie"/>
  <testcase name="testDetP072" time="24.636" classname="tests.uaua.TestDetskoePitanie"/>
  <testcase name="testDetP051" time="15.265" classname="tests.uaua.TestDetskoePitanie"/>
  <testcase name="testDetP021" time="16.438" classname="tests.uaua.TestDetskoePitanie"/>
  <testcase name="testDetP062" time="25.420" classname="tests.uaua.TestDetskoePitanie"/>
  <testcase name="testDetP013" time="8.499" classname="tests.uaua.TestDetskoePitanie"/>
</testsuite> <!-- tests.uaua.TestDetskoePitanie -->
