<?xml version="1.0" encoding="UTF-8"?>
<!-- Generated by org.testng.reporters.JUnitReportReporter -->
<testsuite hostname="LogicPower2" name="tests.uaua.test1" tests="1" failures="0" timestamp="17 Jun 2015 10:46:50 GMT" time="73.929" errors="0">
  <testcase name="testDT01" time="73.929" classname="tests.uaua.test1"/>
</testsuite> <!-- tests.uaua.test1 -->
