<?xml version="1.0" encoding="UTF-8"?>
<!-- Generated by org.testng.reporters.JUnitReportReporter -->
<testsuite hostname="LogicPower2" name="info.uaua.test" tests="1" failures="0" timestamp="5 Jun 2015 15:45:10 GMT" time="1.151" errors="0">
  <testcase name="test1to3M05" time="1.151" classname="info.uaua.test"/>
</testsuite> <!-- info.uaua.test -->
