<?xml version="1.0" encoding="UTF-8"?>
<!-- Generated by org.testng.reporters.JUnitReportReporter -->
<testsuite hostname="LogicPower2" name="info.uaua.TestForum" tests="1" failures="0" timestamp="30 Apr 2015 09:50:38 GMT" time="25.688" errors="0">
  <testcase name="testForN01" time="25.688" classname="info.uaua.TestForum"/>
</testsuite> <!-- info.uaua.TestForum -->
