<?xml version="1.0" encoding="UTF-8"?>
<!-- Generated by org.testng.reporters.JUnitReportReporter -->
<testsuite hostname="LogicPower2" name="tests.uaua.testFailes" tests="1" failures="0" timestamp="3 Jul 2015 15:00:22 GMT" time="54.733" errors="0">
  <testcase name="testRDR01" time="54.733" classname="tests.uaua.testFailes"/>
</testsuite> <!-- tests.uaua.testFailes -->
