<?xml version="1.0" encoding="UTF-8"?>
<!-- Generated by org.testng.reporters.JUnitReportReporter -->
<testsuite hostname="LogicPower2" name="tests.uaua.testNetwork" tests="2" failures="0" timestamp="3 Jul 2015 15:59:15 GMT" time="55.837" errors="0">
  <testcase name="testForum" time="25.474" classname="tests.uaua.testNetwork"/>
  <testcase name="testUaua" time="30.363" classname="tests.uaua.testNetwork"/>
</testsuite> <!-- tests.uaua.testNetwork -->
