<?xml version="1.0" encoding="UTF-8"?>
<!-- Generated by org.testng.reporters.JUnitReportReporter -->
<testsuite hostname="LogicPower2" name="tests.uaua.TestDetskoePitanie" tests="1" failures="0" timestamp="18 Aug 2015 14:52:49 GMT" time="17.706" errors="0">
  <testcase name="testDetP011" time="17.706" classname="tests.uaua.TestDetskoePitanie"/>
</testsuite> <!-- tests.uaua.TestDetskoePitanie -->
