<?xml version="1.0" encoding="UTF-8"?>
<!-- Generated by org.testng.reporters.JUnitReportReporter -->
<testsuite hostname="LogicPower2" name="tests.uaua.TestDetskoePitanie" tests="19" failures="0" timestamp="20 Aug 2015 09:22:45 GMT" time="300.925" errors="0">
  <testcase name="testDetP051" time="11.654" classname="tests.uaua.TestDetskoePitanie"/>
  <testcase name="testDetP032" time="27.579" classname="tests.uaua.TestDetskoePitanie"/>
  <testcase name="testDetP062" time="20.618" classname="tests.uaua.TestDetskoePitanie"/>
  <testcase name="testDetP072" time="19.756" classname="tests.uaua.TestDetskoePitanie"/>
  <testcase name="testDetP022" time="26.187" classname="tests.uaua.TestDetskoePitanie"/>
  <testcase name="testDetP10" time="8.183" classname="tests.uaua.TestDetskoePitanie"/>
  <testcase name="testDetP041" time="11.524" classname="tests.uaua.TestDetskoePitanie"/>
  <testcase name="testDetP021" time="13.405" classname="tests.uaua.TestDetskoePitanie"/>
  <testcase name="testDetP03" time="12.943" classname="tests.uaua.TestDetskoePitanie"/>
  <testcase name="testDetP012" time="9.300" classname="tests.uaua.TestDetskoePitanie"/>
  <testcase name="testDetP042" time="22.411" classname="tests.uaua.TestDetskoePitanie"/>
  <testcase name="testDetP071" time="11.690" classname="tests.uaua.TestDetskoePitanie"/>
  <testcase name="testDetP061" time="11.768" classname="tests.uaua.TestDetskoePitanie"/>
  <testcase name="testDetP09" time="20.180" classname="tests.uaua.TestDetskoePitanie"/>
  <testcase name="testDetP013" time="3.955" classname="tests.uaua.TestDetskoePitanie"/>
  <testcase name="testDetP052" time="27.409" classname="tests.uaua.TestDetskoePitanie"/>
  <testcase name="testDetP082" time="19.796" classname="tests.uaua.TestDetskoePitanie"/>
  <testcase name="testDetP011" time="11.289" classname="tests.uaua.TestDetskoePitanie"/>
  <testcase name="testDetP081" time="11.278" classname="tests.uaua.TestDetskoePitanie"/>
</testsuite> <!-- tests.uaua.TestDetskoePitanie -->
