<?xml version="1.0" encoding="UTF-8"?>
<!-- Generated by org.testng.reporters.JUnitReportReporter -->
<testsuite hostname="LogicPower2" name="tests.uaua.TestServicesRasschetnue" tests="10" failures="0" timestamp="19 Aug 2015 08:07:05 GMT" time="756.655" errors="0">
  <testcase name="testAKB01" time="37.024" classname="tests.uaua.TestServicesRasschetnue"/>
  <testcase name="testAKB02" time="18.832" classname="tests.uaua.TestServicesRasschetnue"/>
  <testcase name="testPDG01" time="21.198" classname="tests.uaua.TestServicesRasschetnue"/>
  <testcase name="testRDR01" time="39.457" classname="tests.uaua.TestServicesRasschetnue"/>
  <testcase name="testBM01" time="360.921" classname="tests.uaua.TestServicesRasschetnue"/>
  <testcase name="testSOP01" time="41.775" classname="tests.uaua.TestServicesRasschetnue"/>
  <testcase name="testSTP01" time="29.195" classname="tests.uaua.TestServicesRasschetnue"/>
  <testcase name="testRPMP01" time="38.277" classname="tests.uaua.TestServicesRasschetnue"/>
  <testcase name="testBBR01" time="152.031" classname="tests.uaua.TestServicesRasschetnue"/>
  <testcase name="testKP01" time="17.945" classname="tests.uaua.TestServicesRasschetnue"/>
</testsuite> <!-- tests.uaua.TestServicesRasschetnue -->
