<?xml version="1.0" encoding="UTF-8"?>
<!-- Generated by org.testng.reporters.JUnitReportReporter -->
<testsuite hostname="LogicPower2" name="tests.uaua.TestDetskoePitanie" tests="19" failures="0" timestamp="19 Aug 2015 08:07:05 GMT" time="365.742" errors="0">
  <testcase name="testDetP03" time="13.711" classname="tests.uaua.TestDetskoePitanie"/>
  <testcase name="testDetP032" time="26.680" classname="tests.uaua.TestDetskoePitanie"/>
  <testcase name="testDetP011" time="12.889" classname="tests.uaua.TestDetskoePitanie"/>
  <testcase name="testDetP052" time="26.970" classname="tests.uaua.TestDetskoePitanie"/>
  <testcase name="testDetP041" time="17.709" classname="tests.uaua.TestDetskoePitanie"/>
  <testcase name="testDetP062" time="30.422" classname="tests.uaua.TestDetskoePitanie"/>
  <testcase name="testDetP081" time="13.296" classname="tests.uaua.TestDetskoePitanie"/>
  <testcase name="testDetP042" time="29.385" classname="tests.uaua.TestDetskoePitanie"/>
  <testcase name="testDetP082" time="26.146" classname="tests.uaua.TestDetskoePitanie"/>
  <testcase name="testDetP071" time="17.209" classname="tests.uaua.TestDetskoePitanie"/>
  <testcase name="testDetP10" time="9.899" classname="tests.uaua.TestDetskoePitanie"/>
  <testcase name="testDetP013" time="4.413" classname="tests.uaua.TestDetskoePitanie"/>
  <testcase name="testDetP072" time="25.579" classname="tests.uaua.TestDetskoePitanie"/>
  <testcase name="testDetP061" time="13.622" classname="tests.uaua.TestDetskoePitanie"/>
  <testcase name="testDetP022" time="29.528" classname="tests.uaua.TestDetskoePitanie"/>
  <testcase name="testDetP012" time="12.305" classname="tests.uaua.TestDetskoePitanie"/>
  <testcase name="testDetP021" time="15.497" classname="tests.uaua.TestDetskoePitanie"/>
  <testcase name="testDetP09" time="25.175" classname="tests.uaua.TestDetskoePitanie"/>
  <testcase name="testDetP051" time="15.307" classname="tests.uaua.TestDetskoePitanie"/>
</testsuite> <!-- tests.uaua.TestDetskoePitanie -->
